2024-11-12 16:32:17,979 - INFO - Password checked: Too short
2024-11-12 16:32:29,353 - INFO - Password checked: Very Strong
2024-11-12 17:47:32,492 - INFO - Password checked: Too short
2024-11-12 17:48:00,181 - INFO - Password checked: Very Strong
2024-11-12 21:13:04,141 - INFO - Password checked: Too short
2024-11-12 21:13:15,319 - INFO - Password checked: Too short
2024-11-12 21:13:27,184 - INFO - Password checked: Very Strong
2024-11-19 20:06:50,373 - INFO - Password checked: Too short
2024-11-19 20:06:54,920 - INFO - Password checked: Too short
2024-11-19 20:06:55,456 - INFO - Password checked: Too short
2024-11-19 20:06:56,417 - INFO - Password checked: Too short
2024-11-19 20:06:58,439 - INFO - Password checked: Too short
2024-11-19 20:06:58,818 - INFO - Password checked: Too short
2024-11-19 20:06:59,256 - INFO - Password checked: Too short
2024-11-19 20:06:59,451 - INFO - Password checked: Too short
2024-11-19 20:06:59,599 - INFO - Password checked: Too short
2024-11-19 20:07:02,306 - INFO - Password checked: Too short
2024-11-19 20:07:09,097 - INFO - Password checked: Very Strong
2024-11-19 20:09:04,691 - INFO - Password checked: Too short
2024-11-19 20:09:26,932 - INFO - Password checked: Too short
2024-11-19 20:09:27,738 - INFO - Password checked: Too short
2024-11-19 20:09:28,174 - INFO - Password checked: Too short
2024-11-19 20:09:37,572 - INFO - Password checked: Too short
2024-11-19 20:10:19,143 - INFO - Password checked: Banned
2024-11-19 22:49:23,803 - INFO - Password checked: Too short
2024-11-19 22:50:17,097 - INFO - Password checked: Weak
2024-11-19 22:50:26,918 - INFO - Password checked: Very Strong
2024-11-19 22:51:16,503 - INFO - Password checked: Weak
2024-11-19 22:51:24,471 - INFO - Password checked: Banned
2024-11-20 00:53:02,272 - INFO - Password checked: Weak
2024-11-20 00:53:24,445 - INFO - Password checked: Weak
2024-11-20 00:53:53,475 - INFO - Password checked: Banned
2024-11-20 01:39:37,825 - INFO - Password checked: Weak
2024-11-20 02:52:08,783 - INFO - Password checked: Too short
2024-11-20 02:52:12,052 - INFO - Password checked: Very Strong
2024-11-20 02:52:12,175 - INFO - Password checked: Very Strong
2024-11-20 02:54:29,895 - INFO - Password checked: Too short
2024-11-20 02:54:45,038 - INFO - Password checked: Breach Detected
2024-11-20 03:03:12,585 - INFO - Password checked: Breach Detected
2024-11-20 03:06:19,840 - INFO - Password checked: Very Strong
2024-11-20 03:06:20,752 - INFO - Password checked: Very Strong
2024-11-20 03:06:38,004 - INFO - Password checked: Very Strong
2024-11-20 03:17:40,138 - INFO - Password checked: Strength=Breach Detected, Entropy=0
2024-11-20 03:17:41,164 - INFO - Password checked: Strength=Breach Detected, Entropy=0
2024-11-20 03:23:34,053 - INFO - Password checked: Too short
2024-11-20 03:25:48,344 - INFO - Password checked: Strength=Weak, Entropy=84.61
2024-11-20 03:25:48,352 - INFO - Password checked: Strength=Weak, Entropy=84.61
2024-11-20 03:25:48,352 - INFO - Password checked: Strength=Weak, Entropy=84.61
2024-11-20 03:25:48,352 - INFO - Password checked: Strength=Weak, Entropy=84.61
2024-11-20 03:25:50,669 - INFO - Password checked: Strength=Weak, Entropy=84.61
2024-11-20 03:25:54,317 - INFO - Password checked: Strength=Weak, Entropy=122.21
2024-11-20 03:25:55,487 - INFO - Password checked: Strength=Weak, Entropy=122.21
2024-11-20 03:26:13,468 - INFO - Password checked: Strength=Breach Detected, Entropy=0
2024-11-20 03:26:15,736 - INFO - Password checked: Strength=Breach Detected, Entropy=0
2024-11-20 07:38:19,793 - INFO - Password checked: Strength=Too short, Entropy=0
2024-11-20 07:43:45,288 - INFO - Password checked: Strength=Too short, Entropy=0
2024-11-20 07:43:45,870 - INFO - Password checked: Strength=Too short, Entropy=0
2024-11-20 07:43:46,419 - INFO - Password checked: Strength=Too short, Entropy=0
2024-11-20 07:43:46,869 - INFO - Password checked: Strength=Too short, Entropy=0
2024-11-20 07:43:47,070 - INFO - Password checked: Strength=Too short, Entropy=0
2024-11-20 07:43:47,225 - INFO - Password checked: Strength=Too short, Entropy=0
2024-11-20 07:43:48,754 - INFO - Password checked: Strength=Too short, Entropy=0
2024-11-20 07:43:48,932 - INFO - Password checked: Strength=Too short, Entropy=0
2024-11-20 07:43:49,112 - INFO - Password checked: Strength=Too short, Entropy=0
2024-11-20 07:43:49,278 - INFO - Password checked: Strength=Too short, Entropy=0
2024-11-20 07:43:49,470 - INFO - Password checked: Strength=Too short, Entropy=0
2024-11-20 07:43:53,597 - INFO - Password checked: Strength=Too short, Entropy=0
2024-11-20 07:44:33,568 - INFO - Password checked: Strength=Weak, Entropy=102.28
2024-11-20 07:44:34,302 - INFO - Password checked: Strength=Weak, Entropy=102.28
2024-11-20 07:44:34,438 - INFO - Password checked: Strength=Weak, Entropy=102.28
2024-11-20 07:44:34,938 - INFO - Password checked: Strength=Weak, Entropy=102.28
2024-11-20 07:44:35,106 - INFO - Password checked: Strength=Weak, Entropy=102.28
2024-11-20 07:44:35,803 - INFO - Password checked: Strength=Weak, Entropy=102.28
2024-11-20 07:44:52,166 - INFO - Password checked: Strength=Weak, Entropy=102.28
2024-11-20 07:44:52,571 - INFO - Password checked: Strength=Weak, Entropy=102.28
2024-11-20 07:44:52,969 - INFO - Password checked: Strength=Weak, Entropy=102.28
2024-11-20 07:44:53,610 - INFO - Password checked: Strength=Weak, Entropy=102.28
2024-11-20 07:44:53,834 - INFO - Password checked: Strength=Weak, Entropy=102.28
2024-11-20 07:44:54,086 - INFO - Password checked: Strength=Weak, Entropy=102.28
2024-11-20 07:44:54,420 - INFO - Password checked: Strength=Weak, Entropy=102.28
2024-11-20 07:44:54,767 - INFO - Password checked: Strength=Weak, Entropy=102.28
2024-11-20 07:44:54,944 - INFO - Password checked: Strength=Weak, Entropy=102.28
2024-11-20 07:44:55,111 - INFO - Password checked: Strength=Weak, Entropy=102.28
2024-11-20 07:44:55,301 - INFO - Password checked: Strength=Weak, Entropy=102.28
2024-11-20 07:45:04,051 - INFO - Password checked: Strength=Very Strong, Entropy=104.87
2024-11-20 07:45:04,487 - INFO - Password checked: Strength=Very Strong, Entropy=104.87
2024-11-20 07:45:05,500 - INFO - Password checked: Strength=Very Strong, Entropy=104.87
2024-11-20 13:32:29,779 - INFO - Password checked: Strength=Too short, Entropy=0
2024-11-20 13:32:30,163 - INFO - Password checked: Strength=Too short, Entropy=0
